Query: NP_417391.1
Chemicals: 
{'Chemical Name': '(R)-methylmalonyl-CoA(5-)', 'Score': 86.82774423076924, 'ChEBI ID': 'CHEBI:57326', 'Subscore': {'query operon penalty': 0, 'distance average': 2.25, 'identity average': 99.74725000000001, 'coverage average': 100.0, 'frequency': 0.3076923076923077}}
{'Chemical Name': 'D-ribulose 5-phosphate(2-)', 'Score': 85.78082692307694, 'ChEBI ID': 'CHEBI:58121', 'Subscore': {'query operon penalty': 0, 'distance average': 1.6666666666666667, 'identity average': 99.71916666666668, 'coverage average': 100.0, 'frequency': 0.23076923076923078}}
{'Chemical Name': 'aldehydo-D-ribose 5-phosphate(2-)', 'Score': 85.78082692307694, 'ChEBI ID': 'CHEBI:58273', 'Subscore': {'query operon penalty': 0, 'distance average': 1.6666666666666667, 'identity average': 99.71916666666668, 'coverage average': 100.0, 'frequency': 0.23076923076923078}}
{'Chemical Name': '3-phosphonatooxypyruvate(3-)', 'Score': 85.75918021978022, 'ChEBI ID': 'CHEBI:18110', 'Subscore': {'query operon penalty': 0, 'distance average': 3.0, 'identity average': 99.71114285714286, 'coverage average': 100.0, 'frequency': 0.2692307692307692}}
{'Chemical Name': '3-phosphonato-D-glycerate(3-)', 'Score': 85.75918021978022, 'ChEBI ID': 'CHEBI:58272', 'Subscore': {'query operon penalty': 0, 'distance average': 3.0, 'identity average': 99.71114285714286, 'coverage average': 100.0, 'frequency': 0.2692307692307692}}
{'Chemical Name': 'propionyl-CoA(4-)', 'Score': 85.66928021978023, 'ChEBI ID': 'CHEBI:57392', 'Subscore': {'query operon penalty': 0, 'distance average': 3.2857142857142856, 'identity average': 99.75928571428572, 'coverage average': 100.0, 'frequency': 0.2692307692307692}}
{'Chemical Name': 'succinyl-CoA(5-)', 'Score': 84.94681076923078, 'ChEBI ID': 'CHEBI:57292', 'Subscore': {'query operon penalty': 0, 'distance average': 2.2, 'identity average': 99.79780000000001, 'coverage average': 100.0, 'frequency': 0.19230769230769232}}
{'Chemical Name': 'GTP(4-)', 'Score': 83.71440512820513, 'ChEBI ID': 'CHEBI:37565', 'Subscore': {'query operon penalty': 0, 'distance average': 2.0, 'identity average': 99.77533333333334, 'coverage average': 100.0, 'frequency': 0.11538461538461539}}
{'Chemical Name': 'GDP(3-)', 'Score': 83.71440512820513, 'ChEBI ID': 'CHEBI:58189', 'Subscore': {'query operon penalty': 0, 'distance average': 2.0, 'identity average': 99.77533333333334, 'coverage average': 100.0, 'frequency': 0.11538461538461539}}
{'Chemical Name': 'propionate', 'Score': 82.12234230769232, 'ChEBI ID': 'CHEBI:17272', 'Subscore': {'query operon penalty': 0, 'distance average': 4.0, 'identity average': 99.8315, 'coverage average': 100.0, 'frequency': 0.07692307692307693}}
{'Chemical Name': 'succinate(2-)', 'Score': 82.12234230769232, 'ChEBI ID': 'CHEBI:30031', 'Subscore': {'query operon penalty': 0, 'distance average': 4.0, 'identity average': 99.8315, 'coverage average': 100.0, 'frequency': 0.07692307692307693}}
true ligand smiles: 
N[C@@H](CCCNC(N)=N)C(O)=O
Modified chemicals list: 
{'Chemical Name': '(R)-methylmalonyl-CoA(5-)', 'Score': 86.82774423076924, 'ChEBI ID': 'CHEBI:57326', 'Subscore': {'query operon penalty': 0, 'distance average': 2.25, 'identity average': 99.74725000000001, 'coverage average': 100.0, 'frequency': 0.3076923076923077}, 'SMILES': 'C[C@H](C([O-])=O)C(=O)SCCNC(=O)CCNC(=O)[C@H](O)C(C)(C)COP([O-])(=O)OP([O-])(=O)OC[C@H]1O[C@H]([C@H](O)[C@@H]1OP([O-])([O-])=O)n1cnc2c(N)ncnc12', 'Tanimoto with true ligand': 0.068}
{'Chemical Name': 'D-ribulose 5-phosphate(2-)', 'Score': 85.78082692307694, 'ChEBI ID': 'CHEBI:58121', 'Subscore': {'query operon penalty': 0, 'distance average': 1.6666666666666667, 'identity average': 99.71916666666668, 'coverage average': 100.0, 'frequency': 0.23076923076923078}, 'SMILES': 'OCC(=O)[C@H](O)[C@H](O)COP([O-])([O-])=O', 'Tanimoto with true ligand': 0.089}
{'Chemical Name': 'aldehydo-D-ribose 5-phosphate(2-)', 'Score': 85.78082692307694, 'ChEBI ID': 'CHEBI:58273', 'Subscore': {'query operon penalty': 0, 'distance average': 1.6666666666666667, 'identity average': 99.71916666666668, 'coverage average': 100.0, 'frequency': 0.23076923076923078}, 'SMILES': 'O[C@H](COP([O-])([O-])=O)[C@@H](O)[C@@H](O)C=O', 'Tanimoto with true ligand': 0.069}
{'Chemical Name': '3-phosphonatooxypyruvate(3-)', 'Score': 85.75918021978022, 'ChEBI ID': 'CHEBI:18110', 'Subscore': {'query operon penalty': 0, 'distance average': 3.0, 'identity average': 99.71114285714286, 'coverage average': 100.0, 'frequency': 0.2692307692307692}, 'SMILES': '[O-]C(=O)C(=O)COP([O-])([O-])=O', 'Tanimoto with true ligand': 0.082}
{'Chemical Name': '3-phosphonato-D-glycerate(3-)', 'Score': 85.75918021978022, 'ChEBI ID': 'CHEBI:58272', 'Subscore': {'query operon penalty': 0, 'distance average': 3.0, 'identity average': 99.71114285714286, 'coverage average': 100.0, 'frequency': 0.2692307692307692}, 'SMILES': 'O[C@H](COP([O-])([O-])=O)C([O-])=O', 'Tanimoto with true ligand': 0.098}
{'Chemical Name': 'propionyl-CoA(4-)', 'Score': 85.66928021978023, 'ChEBI ID': 'CHEBI:57392', 'Subscore': {'query operon penalty': 0, 'distance average': 3.2857142857142856, 'identity average': 99.75928571428572, 'coverage average': 100.0, 'frequency': 0.2692307692307692}, 'SMILES': 'CCC(=O)SCCNC(=O)CCNC(=O)[C@H](O)C(C)(C)COP([O-])(=O)OP([O-])(=O)OC[C@H]1O[C@H]([C@H](O)[C@@H]1OP([O-])([O-])=O)n1cnc2c(N)ncnc12', 'Tanimoto with true ligand': 0.077}
{'Chemical Name': 'succinyl-CoA(5-)', 'Score': 84.94681076923078, 'ChEBI ID': 'CHEBI:57292', 'Subscore': {'query operon penalty': 0, 'distance average': 2.2, 'identity average': 99.79780000000001, 'coverage average': 100.0, 'frequency': 0.19230769230769232}, 'SMILES': 'CC(C)(COP([O-])(=O)OP([O-])(=O)OC[C@H]1O[C@H]([C@H](O)[C@@H]1OP([O-])([O-])=O)n1cnc2c(N)ncnc12)[C@@H](O)C(=O)NCCC(=O)NCCSC(=O)CCC([O-])=O', 'Tanimoto with true ligand': 0.075}
{'Chemical Name': 'GTP(4-)', 'Score': 83.71440512820513, 'ChEBI ID': 'CHEBI:37565', 'Subscore': {'query operon penalty': 0, 'distance average': 2.0, 'identity average': 99.77533333333334, 'coverage average': 100.0, 'frequency': 0.11538461538461539}, 'SMILES': 'Nc1nc2n(cnc2c(=O)[nH]1)[C@@H]1O[C@H](COP([O-])(=O)OP([O-])(=O)OP([O-])([O-])=O)[C@@H](O)[C@H]1O', 'Tanimoto with true ligand': 0.048}
{'Chemical Name': 'GDP(3-)', 'Score': 83.71440512820513, 'ChEBI ID': 'CHEBI:58189', 'Subscore': {'query operon penalty': 0, 'distance average': 2.0, 'identity average': 99.77533333333334, 'coverage average': 100.0, 'frequency': 0.11538461538461539}, 'SMILES': 'Nc1nc2n(cnc2c(=O)[nH]1)[C@@H]1O[C@H](COP([O-])(=O)OP([O-])([O-])=O)[C@@H](O)[C@H]1O', 'Tanimoto with true ligand': 0.051}
{'Chemical Name': 'propionate', 'Score': 82.12234230769232, 'ChEBI ID': 'CHEBI:17272', 'Subscore': {'query operon penalty': 0, 'distance average': 4.0, 'identity average': 99.8315, 'coverage average': 100.0, 'frequency': 0.07692307692307693}, 'SMILES': 'CCC([O-])=O', 'Tanimoto with true ligand': 0.105}
{'Chemical Name': 'succinate(2-)', 'Score': 82.12234230769232, 'ChEBI ID': 'CHEBI:30031', 'Subscore': {'query operon penalty': 0, 'distance average': 4.0, 'identity average': 99.8315, 'coverage average': 100.0, 'frequency': 0.07692307692307693}, 'SMILES': '[O-]C(=O)CCC([O-])=O', 'Tanimoto with true ligand': 0.105}
