Query: NP_415039.1
Chemicals: 
{'Chemical Name': 'glyoxylate', 'Score': 89.51928130081303, 'ChEBI ID': 'CHEBI:36655', 'Subscore': {'query operon penalty': 0, 'distance average': 1.1666666666666667, 'identity average': 99.67200000000003, 'coverage average': 100.0, 'frequency': 0.43902439024390244}}
{'Chemical Name': '2-hydroxy-3-oxopropanoate', 'Score': 88.7145098995696, 'ChEBI ID': 'CHEBI:57978', 'Subscore': {'query operon penalty': 0, 'distance average': 2.0, 'identity average': 99.69611764705884, 'coverage average': 100.0, 'frequency': 0.4146341463414634}}
{'Chemical Name': 'urea', 'Score': 86.97853475609756, 'ChEBI ID': 'CHEBI:16199', 'Subscore': {'query operon penalty': 0, 'distance average': 1.25, 'identity average': 99.66175, 'coverage average': 100.0, 'frequency': 0.2926829268292683}}
{'Chemical Name': '(-)-ureidoglycolate', 'Score': 86.97853475609756, 'ChEBI ID': 'CHEBI:57296', 'Subscore': {'query operon penalty': 0, 'distance average': 1.25, 'identity average': 99.66175, 'coverage average': 100.0, 'frequency': 0.2926829268292683}}
{'Chemical Name': '(S)-(+)-allantoin', 'Score': 85.3456930894309, 'ChEBI ID': 'CHEBI:15678', 'Subscore': {'query operon penalty': 0, 'distance average': 4.583333333333333, 'identity average': 99.6925, 'coverage average': 100.0, 'frequency': 0.2926829268292683}}
{'Chemical Name': '3-hydroxypyruvate', 'Score': 83.74845073170732, 'ChEBI ID': 'CHEBI:17180', 'Subscore': {'query operon penalty': 0, 'distance average': 2.0, 'identity average': 99.7048, 'coverage average': 100.0, 'frequency': 0.12195121951219512}}
{'Chemical Name': 'D-glycerate', 'Score': 83.64955487804878, 'ChEBI ID': 'CHEBI:16659', 'Subscore': {'query operon penalty': 0, 'distance average': 3.0, 'identity average': 99.6925, 'coverage average': 100.0, 'frequency': 0.14634146341463414}}
{'Chemical Name': 'allantoate', 'Score': 83.05452473867595, 'ChEBI ID': 'CHEBI:17536', 'Subscore': {'query operon penalty': 0, 'distance average': 5.0, 'identity average': 99.68371428571427, 'coverage average': 100.0, 'frequency': 0.17073170731707318}}
true ligand smiles: 
[H]C(=O)C([O-])=O
Modified chemicals list: 
{'Chemical Name': 'glyoxylate', 'Score': 89.51928130081303, 'ChEBI ID': 'CHEBI:36655', 'Subscore': {'query operon penalty': 0, 'distance average': 1.1666666666666667, 'identity average': 99.67200000000003, 'coverage average': 100.0, 'frequency': 0.43902439024390244}, 'SMILES': '[H]C(=O)C([O-])=O', 'Tanimoto with true ligand': 1.0}
{'Chemical Name': '2-hydroxy-3-oxopropanoate', 'Score': 88.7145098995696, 'ChEBI ID': 'CHEBI:57978', 'Subscore': {'query operon penalty': 0, 'distance average': 2.0, 'identity average': 99.69611764705884, 'coverage average': 100.0, 'frequency': 0.4146341463414634}, 'SMILES': '[H]C(=O)C(O)C([O-])=O', 'Tanimoto with true ligand': 0.389}
{'Chemical Name': 'urea', 'Score': 86.97853475609756, 'ChEBI ID': 'CHEBI:16199', 'Subscore': {'query operon penalty': 0, 'distance average': 1.25, 'identity average': 99.66175, 'coverage average': 100.0, 'frequency': 0.2926829268292683}, 'SMILES': 'NC(N)=O', 'Tanimoto with true ligand': 0.231}
{'Chemical Name': '(-)-ureidoglycolate', 'Score': 86.97853475609756, 'ChEBI ID': 'CHEBI:57296', 'Subscore': {'query operon penalty': 0, 'distance average': 1.25, 'identity average': 99.66175, 'coverage average': 100.0, 'frequency': 0.2926829268292683}, 'SMILES': 'NC(=O)N[C@@H](O)C([O-])=O', 'Tanimoto with true ligand': 0.208}
{'Chemical Name': '(S)-(+)-allantoin', 'Score': 85.3456930894309, 'ChEBI ID': 'CHEBI:15678', 'Subscore': {'query operon penalty': 0, 'distance average': 4.583333333333333, 'identity average': 99.6925, 'coverage average': 100.0, 'frequency': 0.2926829268292683}, 'SMILES': 'NC(=O)N[C@H]1NC(=O)NC1=O', 'Tanimoto with true ligand': 0.088}
{'Chemical Name': '3-hydroxypyruvate', 'Score': 83.74845073170732, 'ChEBI ID': 'CHEBI:17180', 'Subscore': {'query operon penalty': 0, 'distance average': 2.0, 'identity average': 99.7048, 'coverage average': 100.0, 'frequency': 0.12195121951219512}, 'SMILES': 'OCC(=O)C([O-])=O', 'Tanimoto with true ligand': 0.294}
{'Chemical Name': 'D-glycerate', 'Score': 83.64955487804878, 'ChEBI ID': 'CHEBI:16659', 'Subscore': {'query operon penalty': 0, 'distance average': 3.0, 'identity average': 99.6925, 'coverage average': 100.0, 'frequency': 0.14634146341463414}, 'SMILES': 'OC[C@@H](O)C([O-])=O', 'Tanimoto with true ligand': 0.25}
{'Chemical Name': 'allantoate', 'Score': 83.05452473867595, 'ChEBI ID': 'CHEBI:17536', 'Subscore': {'query operon penalty': 0, 'distance average': 5.0, 'identity average': 99.68371428571427, 'coverage average': 100.0, 'frequency': 0.17073170731707318}, 'SMILES': 'NC(=O)NC(NC(N)=O)C([O-])=O', 'Tanimoto with true ligand': 0.208}
