Query: NP_415533.1
Chemicals: 
{'Chemical Name': '(Z)-3-aminoacrylate', 'Score': 88.56057224880384, 'ChEBI ID': 'CHEBI:59894', 'Subscore': {'query operon penalty': 0, 'distance average': 2.6315789473684212, 'identity average': 99.57768421052633, 'coverage average': 100.0, 'frequency': 0.4318181818181818}}
{'Chemical Name': '3-oxopropanoate', 'Score': 88.25999272727276, 'ChEBI ID': 'CHEBI:33190', 'Subscore': {'query operon penalty': 0, 'distance average': 4.0, 'identity average': 99.57520000000002, 'coverage average': 100.0, 'frequency': 0.45454545454545453}}
{'Chemical Name': 'ureidoacrylate', 'Score': 87.47881454545457, 'ChEBI ID': 'CHEBI:59891', 'Subscore': {'query operon penalty': 0, 'distance average': 1.7333333333333334, 'identity average': 99.59093333333335, 'coverage average': 100.0, 'frequency': 0.3409090909090909}}
{'Chemical Name': 'uracil', 'Score': 84.38551515151516, 'ChEBI ID': 'CHEBI:17568', 'Subscore': {'query operon penalty': 0, 'distance average': 1.0, 'identity average': 99.60666666666668, 'coverage average': 100.0, 'frequency': 0.13636363636363635}}
{'Chemical Name': '3-hydroxypropionate', 'Score': 83.89635636363639, 'ChEBI ID': 'CHEBI:16510', 'Subscore': {'query operon penalty': 0, 'distance average': 5.0, 'identity average': 99.57520000000002, 'coverage average': 100.0, 'frequency': 0.22727272727272727}}
{'Chemical Name': 'carbamate', 'Score': 83.2595168831169, 'ChEBI ID': 'CHEBI:13941', 'Subscore': {'query operon penalty': 0, 'distance average': 4.0, 'identity average': 99.59542857142858, 'coverage average': 100.0, 'frequency': 0.1590909090909091}}
{'Chemical Name': '(Z)-2-methylureidoacrylate', 'Score': 57.50352727272728, 'ChEBI ID': 'CHEBI:143783', 'Subscore': {'query operon penalty': 250, 'distance average': 1.5, 'identity average': 99.528, 'coverage average': 100.0, 'frequency': 0.045454545454545456}}
{'Chemical Name': 'thymine', 'Score': 57.36716363636365, 'ChEBI ID': 'CHEBI:17821', 'Subscore': {'query operon penalty': 250, 'distance average': 1.0, 'identity average': 99.528, 'coverage average': 100.0, 'frequency': 0.022727272727272728}}
{'Chemical Name': '(Z)-3-amino-2-methylacrylate', 'Score': 56.86716363636365, 'ChEBI ID': 'CHEBI:145735', 'Subscore': {'query operon penalty': 250, 'distance average': 2.0, 'identity average': 99.528, 'coverage average': 100.0, 'frequency': 0.022727272727272728}}
true ligand smiles: 
O=c1cc[nH]c(=O)[nH]1
Modified chemicals list: 
{'Chemical Name': '(Z)-3-aminoacrylate', 'Score': 88.56057224880384, 'ChEBI ID': 'CHEBI:59894', 'Subscore': {'query operon penalty': 0, 'distance average': 2.6315789473684212, 'identity average': 99.57768421052633, 'coverage average': 100.0, 'frequency': 0.4318181818181818}, 'SMILES': 'C(/C=C\\N)(=O)[O-]', 'Tanimoto with true ligand': 0.03}
{'Chemical Name': '3-oxopropanoate', 'Score': 88.25999272727276, 'ChEBI ID': 'CHEBI:33190', 'Subscore': {'query operon penalty': 0, 'distance average': 4.0, 'identity average': 99.57520000000002, 'coverage average': 100.0, 'frequency': 0.45454545454545453}, 'SMILES': '[H]C(=O)CC([O-])=O', 'Tanimoto with true ligand': 0.03}
{'Chemical Name': 'ureidoacrylate', 'Score': 87.47881454545457, 'ChEBI ID': 'CHEBI:59891', 'Subscore': {'query operon penalty': 0, 'distance average': 1.7333333333333334, 'identity average': 99.59093333333335, 'coverage average': 100.0, 'frequency': 0.3409090909090909}, 'SMILES': 'NC(=O)N\\C=C/C([O-])=O', 'Tanimoto with true ligand': 0.024}
{'Chemical Name': 'uracil', 'Score': 84.38551515151516, 'ChEBI ID': 'CHEBI:17568', 'Subscore': {'query operon penalty': 0, 'distance average': 1.0, 'identity average': 99.60666666666668, 'coverage average': 100.0, 'frequency': 0.13636363636363635}, 'SMILES': 'O=c1cc[nH]c(=O)[nH]1', 'Tanimoto with true ligand': 1.0}
{'Chemical Name': '3-hydroxypropionate', 'Score': 83.89635636363639, 'ChEBI ID': 'CHEBI:16510', 'Subscore': {'query operon penalty': 0, 'distance average': 5.0, 'identity average': 99.57520000000002, 'coverage average': 100.0, 'frequency': 0.22727272727272727}, 'SMILES': 'OCCC([O-])=O', 'Tanimoto with true ligand': 0.031}
{'Chemical Name': 'carbamate', 'Score': 83.2595168831169, 'ChEBI ID': 'CHEBI:13941', 'Subscore': {'query operon penalty': 0, 'distance average': 4.0, 'identity average': 99.59542857142858, 'coverage average': 100.0, 'frequency': 0.1590909090909091}, 'SMILES': 'NC([O-])=O', 'Tanimoto with true ligand': 0.037}
{'Chemical Name': '(Z)-2-methylureidoacrylate', 'Score': 57.50352727272728, 'ChEBI ID': 'CHEBI:143783', 'Subscore': {'query operon penalty': 250, 'distance average': 1.5, 'identity average': 99.528, 'coverage average': 100.0, 'frequency': 0.045454545454545456}, 'SMILES': 'N(C(N)=O)/C=C(\\C([O-])=O)/C', 'Tanimoto with true ligand': 0.023}
{'Chemical Name': 'thymine', 'Score': 57.36716363636365, 'ChEBI ID': 'CHEBI:17821', 'Subscore': {'query operon penalty': 250, 'distance average': 1.0, 'identity average': 99.528, 'coverage average': 100.0, 'frequency': 0.022727272727272728}, 'SMILES': 'Cc1c[nH]c(=O)[nH]c1=O', 'Tanimoto with true ligand': 0.265}
{'Chemical Name': '(Z)-3-amino-2-methylacrylate', 'Score': 56.86716363636365, 'ChEBI ID': 'CHEBI:145735', 'Subscore': {'query operon penalty': 250, 'distance average': 2.0, 'identity average': 99.528, 'coverage average': 100.0, 'frequency': 0.022727272727272728}, 'SMILES': '[O-]C(/C(=C\\N)/C)=O', 'Tanimoto with true ligand': 0.029}
