Query: NP_745052.1
Chemicals: 
{'Chemical Name': 'porphobilinogen(1-)', 'Score': 86.15601176470591, 'ChEBI ID': 'CHEBI:58126', 'Subscore': {'query operon penalty': 0, 'distance average': 5.0, 'identity average': 98.57364705882355, 'coverage average': 100.0, 'frequency': 0.425}}
{'Chemical Name': '5-ammoniolevulinate', 'Score': 86.15601176470591, 'ChEBI ID': 'CHEBI:356416', 'Subscore': {'query operon penalty': 0, 'distance average': 5.0, 'identity average': 98.57364705882355, 'coverage average': 100.0, 'frequency': 0.425}}
{'Chemical Name': '(S)-2-hydroxyglutarate(2-)', 'Score': 85.78940000000003, 'ChEBI ID': 'CHEBI:16782', 'Subscore': {'query operon penalty': 0, 'distance average': 1.0, 'identity average': 98.74036363636365, 'coverage average': 100.0, 'frequency': 0.275}}
{'Chemical Name': '2-oxoglutarate(2-)', 'Score': 85.78940000000003, 'ChEBI ID': 'CHEBI:16810', 'Subscore': {'query operon penalty': 0, 'distance average': 1.0, 'identity average': 98.74036363636365, 'coverage average': 100.0, 'frequency': 0.275}}
{'Chemical Name': 'succinate(2-)', 'Score': 85.78940000000003, 'ChEBI ID': 'CHEBI:30031', 'Subscore': {'query operon penalty': 0, 'distance average': 1.0, 'identity average': 98.74036363636365, 'coverage average': 100.0, 'frequency': 0.275}}
{'Chemical Name': 'glutarate(2-)', 'Score': 85.78940000000003, 'ChEBI ID': 'CHEBI:30921', 'Subscore': {'query operon penalty': 0, 'distance average': 1.0, 'identity average': 98.74036363636365, 'coverage average': 100.0, 'frequency': 0.275}}
{'Chemical Name': 'L-serine residue', 'Score': 84.7107916666667, 'ChEBI ID': 'CHEBI:29999', 'Subscore': {'query operon penalty': 0, 'distance average': 4.0, 'identity average': 98.73708333333336, 'coverage average': 100.0, 'frequency': 0.3}}
{'Chemical Name': 'O-phospho-L-serine(2-) residue', 'Score': 84.7107916666667, 'ChEBI ID': 'CHEBI:83421', 'Subscore': {'query operon penalty': 0, 'distance average': 4.0, 'identity average': 98.73708333333336, 'coverage average': 100.0, 'frequency': 0.3}}
true ligand smiles: 
OC(=O)CCCC([O-])=O
Modified chemicals list: 
{'Chemical Name': 'porphobilinogen(1-)', 'Score': 86.15601176470591, 'ChEBI ID': 'CHEBI:58126', 'Subscore': {'query operon penalty': 0, 'distance average': 5.0, 'identity average': 98.57364705882355, 'coverage average': 100.0, 'frequency': 0.425}, 'SMILES': '[NH3+]Cc1[nH]cc(CCC([O-])=O)c1CC([O-])=O', 'Tanimoto with true ligand': 0.188}
{'Chemical Name': '5-ammoniolevulinate', 'Score': 86.15601176470591, 'ChEBI ID': 'CHEBI:356416', 'Subscore': {'query operon penalty': 0, 'distance average': 5.0, 'identity average': 98.57364705882355, 'coverage average': 100.0, 'frequency': 0.425}, 'SMILES': '[NH3+]CC(=O)CCC([O-])=O', 'Tanimoto with true ligand': 0.3}
{'Chemical Name': '(S)-2-hydroxyglutarate(2-)', 'Score': 85.78940000000003, 'ChEBI ID': 'CHEBI:16782', 'Subscore': {'query operon penalty': 0, 'distance average': 1.0, 'identity average': 98.74036363636365, 'coverage average': 100.0, 'frequency': 0.275}, 'SMILES': 'O[C@@H](CCC([O-])=O)C([O-])=O', 'Tanimoto with true ligand': 0.333}
{'Chemical Name': '2-oxoglutarate(2-)', 'Score': 85.78940000000003, 'ChEBI ID': 'CHEBI:16810', 'Subscore': {'query operon penalty': 0, 'distance average': 1.0, 'identity average': 98.74036363636365, 'coverage average': 100.0, 'frequency': 0.275}, 'SMILES': '[O-]C(=O)CCC(=O)C([O-])=O', 'Tanimoto with true ligand': 0.333}
{'Chemical Name': 'succinate(2-)', 'Score': 85.78940000000003, 'ChEBI ID': 'CHEBI:30031', 'Subscore': {'query operon penalty': 0, 'distance average': 1.0, 'identity average': 98.74036363636365, 'coverage average': 100.0, 'frequency': 0.275}, 'SMILES': '[O-]C(=O)CCC([O-])=O', 'Tanimoto with true ligand': 0.429}
{'Chemical Name': 'glutarate(2-)', 'Score': 85.78940000000003, 'ChEBI ID': 'CHEBI:30921', 'Subscore': {'query operon penalty': 0, 'distance average': 1.0, 'identity average': 98.74036363636365, 'coverage average': 100.0, 'frequency': 0.275}, 'SMILES': '[O-]C(=O)CCCC([O-])=O', 'Tanimoto with true ligand': 0.65}
{'Chemical Name': 'L-serine residue', 'Score': 84.7107916666667, 'ChEBI ID': 'CHEBI:29999', 'Subscore': {'query operon penalty': 0, 'distance average': 4.0, 'identity average': 98.73708333333336, 'coverage average': 100.0, 'frequency': 0.3}, 'SMILES': 'C([C@H](CO)N*)(=O)*', 'Tanimoto with true ligand': 0.121}
{'Chemical Name': 'O-phospho-L-serine(2-) residue', 'Score': 84.7107916666667, 'ChEBI ID': 'CHEBI:83421', 'Subscore': {'query operon penalty': 0, 'distance average': 4.0, 'identity average': 98.73708333333336, 'coverage average': 100.0, 'frequency': 0.3}, 'SMILES': '[O-]P([O-])(=O)OC[C@H](N-*)C(-*)=O', 'Tanimoto with true ligand': 0.116}
