Query: WP_003114242.1
Chemicals: 
{'Chemical Name': '4a-hydroxy-L-erythro-5,6,7,8-tetrahydrobiopterin', 'Score': 94.63295000000001, 'ChEBI ID': 'CHEBI:15642', 'Subscore': {'query operon penalty': 0, 'distance average': 1.6111111111111112, 'identity average': 99.81783333333334, 'coverage average': 99.94444444444444, 'frequency': 0.75}}
{'Chemical Name': '(6R)-L-erythro-6,7-dihydrobiopterin', 'Score': 89.39774848484849, 'ChEBI ID': 'CHEBI:43120', 'Subscore': {'query operon penalty': 0, 'distance average': 2.0, 'identity average': 99.80718181818183, 'coverage average': 99.9090909090909, 'frequency': 0.4583333333333333}}
{'Chemical Name': 'L-phenylalanine zwitterion', 'Score': 87.27636190476191, 'ChEBI ID': 'CHEBI:58095', 'Subscore': {'query operon penalty': 0, 'distance average': 1.0, 'identity average': 99.83457142857144, 'coverage average': 100.0, 'frequency': 0.2916666666666667}}
{'Chemical Name': 'L-tyrosine zwitterion', 'Score': 87.27636190476191, 'ChEBI ID': 'CHEBI:58315', 'Subscore': {'query operon penalty': 0, 'distance average': 1.0, 'identity average': 99.83457142857144, 'coverage average': 100.0, 'frequency': 0.2916666666666667}}
{'Chemical Name': 'sapropterin', 'Score': 87.27636190476191, 'ChEBI ID': 'CHEBI:59560', 'Subscore': {'query operon penalty': 0, 'distance average': 1.0, 'identity average': 99.83457142857144, 'coverage average': 100.0, 'frequency': 0.2916666666666667}}
{'Chemical Name': '2-oxoglutarate(2-)', 'Score': 85.23993333333333, 'ChEBI ID': 'CHEBI:16810', 'Subscore': {'query operon penalty': 0, 'distance average': 3.0, 'identity average': 99.83933333333334, 'coverage average': 99.83333333333333, 'frequency': 0.25}}
{'Chemical Name': 'L-glutamate(1-)', 'Score': 85.23993333333333, 'ChEBI ID': 'CHEBI:29985', 'Subscore': {'query operon penalty': 0, 'distance average': 3.0, 'identity average': 99.83933333333334, 'coverage average': 99.83333333333333, 'frequency': 0.25}}
{'Chemical Name': 'aromatic 2-oxo monocarboxylic acid anion', 'Score': 85.23993333333333, 'ChEBI ID': 'CHEBI:73309', 'Subscore': {'query operon penalty': 0, 'distance average': 3.0, 'identity average': 99.83933333333334, 'coverage average': 99.83333333333333, 'frequency': 0.25}}
{'Chemical Name': 'aromatic L-alpha-amino acid zwitterion', 'Score': 85.23993333333333, 'ChEBI ID': 'CHEBI:84824', 'Subscore': {'query operon penalty': 0, 'distance average': 3.0, 'identity average': 99.83933333333334, 'coverage average': 99.83333333333333, 'frequency': 0.25}}
true ligand smiles: 
[NH3+][C@@H](Cc1ccccc1)C([O-])=O
Modified chemicals list: 
{'Chemical Name': '4a-hydroxy-L-erythro-5,6,7,8-tetrahydrobiopterin', 'Score': 94.63295000000001, 'ChEBI ID': 'CHEBI:15642', 'Subscore': {'query operon penalty': 0, 'distance average': 1.6111111111111112, 'identity average': 99.81783333333334, 'coverage average': 99.94444444444444, 'frequency': 0.75}, 'SMILES': 'C1=2[C@@](N[C@H](CN1)[C@H]([C@H](C)O)O)(C(N=C(N2)N)=O)O', 'Tanimoto with true ligand': 0.053}
{'Chemical Name': '(6R)-L-erythro-6,7-dihydrobiopterin', 'Score': 89.39774848484849, 'ChEBI ID': 'CHEBI:43120', 'Subscore': {'query operon penalty': 0, 'distance average': 2.0, 'identity average': 99.80718181818183, 'coverage average': 99.9090909090909, 'frequency': 0.4583333333333333}, 'SMILES': 'C1=2C(=N[C@H](CN1)[C@H]([C@H](C)O)O)C(N=C(N2)N)=O', 'Tanimoto with true ligand': 0.069}
{'Chemical Name': 'L-phenylalanine zwitterion', 'Score': 87.27636190476191, 'ChEBI ID': 'CHEBI:58095', 'Subscore': {'query operon penalty': 0, 'distance average': 1.0, 'identity average': 99.83457142857144, 'coverage average': 100.0, 'frequency': 0.2916666666666667}, 'SMILES': '[NH3+][C@@H](Cc1ccccc1)C([O-])=O', 'Tanimoto with true ligand': 1.0}
{'Chemical Name': 'L-tyrosine zwitterion', 'Score': 87.27636190476191, 'ChEBI ID': 'CHEBI:58315', 'Subscore': {'query operon penalty': 0, 'distance average': 1.0, 'identity average': 99.83457142857144, 'coverage average': 100.0, 'frequency': 0.2916666666666667}, 'SMILES': '[NH3+][C@@H](Cc1ccc(O)cc1)C([O-])=O', 'Tanimoto with true ligand': 0.579}
{'Chemical Name': 'sapropterin', 'Score': 87.27636190476191, 'ChEBI ID': 'CHEBI:59560', 'Subscore': {'query operon penalty': 0, 'distance average': 1.0, 'identity average': 99.83457142857144, 'coverage average': 100.0, 'frequency': 0.2916666666666667}, 'SMILES': '[H][C@@]1(CNc2nc(N)[nH]c(=O)c2N1)[C@@H](O)[C@H](C)O', 'Tanimoto with true ligand': 0.053}
{'Chemical Name': '2-oxoglutarate(2-)', 'Score': 85.23993333333333, 'ChEBI ID': 'CHEBI:16810', 'Subscore': {'query operon penalty': 0, 'distance average': 3.0, 'identity average': 99.83933333333334, 'coverage average': 99.83333333333333, 'frequency': 0.25}, 'SMILES': '[O-]C(=O)CCC(=O)C([O-])=O', 'Tanimoto with true ligand': 0.175}
{'Chemical Name': 'L-glutamate(1-)', 'Score': 85.23993333333333, 'ChEBI ID': 'CHEBI:29985', 'Subscore': {'query operon penalty': 0, 'distance average': 3.0, 'identity average': 99.83933333333334, 'coverage average': 99.83333333333333, 'frequency': 0.25}, 'SMILES': '[NH3+][C@@H](CCC([O-])=O)C([O-])=O', 'Tanimoto with true ligand': 0.3}
{'Chemical Name': 'aromatic 2-oxo monocarboxylic acid anion', 'Score': 85.23993333333333, 'ChEBI ID': 'CHEBI:73309', 'Subscore': {'query operon penalty': 0, 'distance average': 3.0, 'identity average': 99.83933333333334, 'coverage average': 99.83333333333333, 'frequency': 0.25}, 'SMILES': '[O-]C(=O)C([*])=O', 'Tanimoto with true ligand': 0.143}
{'Chemical Name': 'aromatic L-alpha-amino acid zwitterion', 'Score': 85.23993333333333, 'ChEBI ID': 'CHEBI:84824', 'Subscore': {'query operon penalty': 0, 'distance average': 3.0, 'identity average': 99.83933333333334, 'coverage average': 99.83333333333333, 'frequency': 0.25}, 'SMILES': '[NH3+][C@@H]([*])C([O-])=O', 'Tanimoto with true ligand': 0.265}
