Query: WP_001278727.1
Chemicals: 
{'Chemical Name': 'L-glutamate(1-)', 'Score': 96.47885000000002, 'ChEBI ID': 'CHEBI:29985', 'Subscore': {'query operon penalty': 0, 'distance average': 1.8571428571428572, 'identity average': 99.5749285714286, 'coverage average': 100.0, 'frequency': 0.875}}
{'Chemical Name': 'gamma-aminobutyric acid zwitterion', 'Score': 90.17867500000003, 'ChEBI ID': 'CHEBI:59888', 'Subscore': {'query operon penalty': 0, 'distance average': 1.75, 'identity average': 99.59425000000002, 'coverage average': 100.0, 'frequency': 0.5}}
{'Chemical Name': 'gamma-L-glutamylputrescinium(1+)', 'Score': 90.05367500000003, 'ChEBI ID': 'CHEBI:58731', 'Subscore': {'query operon penalty': 0, 'distance average': 2.0, 'identity average': 99.59425000000002, 'coverage average': 100.0, 'frequency': 0.5}}
{'Chemical Name': '1,4-butanediammonium', 'Score': 87.87908333333334, 'ChEBI ID': 'CHEBI:326268', 'Subscore': {'query operon penalty': 0, 'distance average': 2.0, 'identity average': 99.54916666666668, 'coverage average': 100.0, 'frequency': 0.375}}
{'Chemical Name': '4-(L-gamma-glutamylamino)butanoate', 'Score': 87.33642, 'ChEBI ID': 'CHEBI:58800', 'Subscore': {'query operon penalty': 0, 'distance average': 1.0, 'identity average': 99.5672, 'coverage average': 100.0, 'frequency': 0.3125}}
{'Chemical Name': '2-oxoglutarate(2-)', 'Score': 84.29076666666667, 'ChEBI ID': 'CHEBI:16810', 'Subscore': {'query operon penalty': 0, 'distance average': 3.0, 'identity average': 99.63933333333334, 'coverage average': 100.0, 'frequency': 0.1875}}
{'Chemical Name': '4-oxobutanoate', 'Score': 84.29076666666667, 'ChEBI ID': 'CHEBI:57706', 'Subscore': {'query operon penalty': 0, 'distance average': 3.0, 'identity average': 99.63933333333334, 'coverage average': 100.0, 'frequency': 0.1875}}
{'Chemical Name': 'gamma-glutamyl-gamma-aminobutyraldehyde zwitterion', 'Score': 83.82745, 'ChEBI ID': 'CHEBI:61508', 'Subscore': {'query operon penalty': 0, 'distance average': 2.0, 'identity average': 99.7295, 'coverage average': 100.0, 'frequency': 0.125}}
true ligand smiles: 
[NH3+]CCCC[NH3+]
Modified chemicals list: 
{'Chemical Name': 'L-glutamate(1-)', 'Score': 96.47885000000002, 'ChEBI ID': 'CHEBI:29985', 'Subscore': {'query operon penalty': 0, 'distance average': 1.8571428571428572, 'identity average': 99.5749285714286, 'coverage average': 100.0, 'frequency': 0.875}, 'SMILES': '[NH3+][C@@H](CCC([O-])=O)C([O-])=O', 'Tanimoto with true ligand': 0.071}
{'Chemical Name': 'gamma-aminobutyric acid zwitterion', 'Score': 90.17867500000003, 'ChEBI ID': 'CHEBI:59888', 'Subscore': {'query operon penalty': 0, 'distance average': 1.75, 'identity average': 99.59425000000002, 'coverage average': 100.0, 'frequency': 0.5}, 'SMILES': '[NH3+]CCCC([O-])=O', 'Tanimoto with true ligand': 0.316}
{'Chemical Name': 'gamma-L-glutamylputrescinium(1+)', 'Score': 90.05367500000003, 'ChEBI ID': 'CHEBI:58731', 'Subscore': {'query operon penalty': 0, 'distance average': 2.0, 'identity average': 99.59425000000002, 'coverage average': 100.0, 'frequency': 0.5}, 'SMILES': '[NH3+]CCCCNC(=O)CC[C@H]([NH3+])C([O-])=O', 'Tanimoto with true ligand': 0.179}
{'Chemical Name': '1,4-butanediammonium', 'Score': 87.87908333333334, 'ChEBI ID': 'CHEBI:326268', 'Subscore': {'query operon penalty': 0, 'distance average': 2.0, 'identity average': 99.54916666666668, 'coverage average': 100.0, 'frequency': 0.375}, 'SMILES': '[NH3+]CCCC[NH3+]', 'Tanimoto with true ligand': 1.0}
{'Chemical Name': '4-(L-gamma-glutamylamino)butanoate', 'Score': 87.33642, 'ChEBI ID': 'CHEBI:58800', 'Subscore': {'query operon penalty': 0, 'distance average': 1.0, 'identity average': 99.5672, 'coverage average': 100.0, 'frequency': 0.3125}, 'SMILES': '[NH3+][C@@H](CCC(=O)NCCCC([O-])=O)C([O-])=O', 'Tanimoto with true ligand': 0.071}
{'Chemical Name': '2-oxoglutarate(2-)', 'Score': 84.29076666666667, 'ChEBI ID': 'CHEBI:16810', 'Subscore': {'query operon penalty': 0, 'distance average': 3.0, 'identity average': 99.63933333333334, 'coverage average': 100.0, 'frequency': 0.1875}, 'SMILES': '[O-]C(=O)CCC(=O)C([O-])=O', 'Tanimoto with true ligand': 0.042}
{'Chemical Name': '4-oxobutanoate', 'Score': 84.29076666666667, 'ChEBI ID': 'CHEBI:57706', 'Subscore': {'query operon penalty': 0, 'distance average': 3.0, 'identity average': 99.63933333333334, 'coverage average': 100.0, 'frequency': 0.1875}, 'SMILES': '[O-]C(=O)CCC=O', 'Tanimoto with true ligand': 0.087}
{'Chemical Name': 'gamma-glutamyl-gamma-aminobutyraldehyde zwitterion', 'Score': 83.82745, 'ChEBI ID': 'CHEBI:61508', 'Subscore': {'query operon penalty': 0, 'distance average': 2.0, 'identity average': 99.7295, 'coverage average': 100.0, 'frequency': 0.125}, 'SMILES': '[H]C(=O)CCCNC(=O)CC[C@H]([NH3+])C([O-])=O', 'Tanimoto with true ligand': 0.091}
